This is pdfTeX, Version 3.1415926-2.5-1.40.14 (TeX Live 2013/W32TeX) (format=pdflatex 2013.10.25)  26 JAN 2014 01:32
entering extended mode
 restricted \write18 enabled.
 %&-line parsing enabled.
**c:/Users/John/Projects/latex-preview-pane/latex-preview-pane.el
(c:/Users/John/Projects/latex-preview-pane/latex-preview-pane.el
LaTeX2e <2011/06/27>
Babel <3.9g> and hyphenation patterns for 78 languages loaded.

! LaTeX Error: Missing \begin{document}.

See the LaTeX manual or LaTeX Companion for explanation.
Type  H <return>  for immediate help.
 ...                                              
                                                  
l.1 ;
     ;; latex-preview-pane.el --- Makes LaTeX editing less painful by provid...

? 
! Emergency stop.
 ...                                              
                                                  
l.1 ;
     ;; latex-preview-pane.el --- Makes LaTeX editing less painful by provid...

You're in trouble here.  Try typing  <return>  to proceed.
If that doesn't work, type  X <return>  to quit.

 
Here is how much of TeX's memory you used:
 8 strings out of 493308
 435 string characters out of 6141360
 52269 words of memory out of 5000000
 3564 multiletter control sequences out of 15000+600000
 3640 words of font info for 14 fonts, out of 8000000 for 9000
 957 hyphenation exceptions out of 8191
 5i,0n,4p,166b,14s stack positions out of 5000i,500n,10000p,200000b,80000s
!  ==> Fatal error occurred, no output PDF file produced!
